<?xml version="1.0" encoding="UTF-8"?>
<!-- Generated by org.testng.reporters.JUnitReportReporter -->
<testsuite skipped="0" hostname="Swapnil_Naidu" name="demo.AuthDemo" tests="1" failures="0" timestamp="27 Dec 2019 06:01:55 GMT" time="3.490" errors="0">
  <testcase name="tc001" time="3.490" classname="demo.AuthDemo"/>
</testsuite> <!-- demo.AuthDemo -->
