<?xml version="1.0" encoding="UTF-8"?>
<!-- Generated by org.testng.reporters.JUnitReportReporter -->
<testsuite skipped="0" hostname="Swapnil_Naidu" name="products.PATCHUpdateProducts" tests="1" failures="0" timestamp="23 Dec 2019 14:44:07 GMT" time="0.131" errors="0">
  <testcase name="updateProduct" time="0.131" classname="products.PATCHUpdateProducts"/>
</testsuite> <!-- products.PATCHUpdateProducts -->
