<?xml version="1.0" encoding="UTF-8"?>
<!-- Generated by org.testng.reporters.JUnitReportReporter -->
<testsuite skipped="0" hostname="Swapnil_Naidu" name="products.PUTUpdateProducts" tests="1" failures="0" timestamp="23 Dec 2019 09:44:03 GMT" time="0.114" errors="0">
  <testcase name="updateProduct" time="0.114" classname="products.PUTUpdateProducts"/>
</testsuite> <!-- products.PUTUpdateProducts -->
