<?xml version="1.0" encoding="UTF-8"?>
<!-- Generated by org.testng.reporters.JUnitReportReporter -->
<testsuite skipped="0" hostname="Swapnil_Naidu" name="poc.PATCHRequest" tests="1" failures="0" timestamp="31 Dec 2019 12:47:58 GMT" time="2.472" errors="0">
  <testcase name="tc005" time="2.472" classname="poc.PATCHRequest"/>
</testsuite> <!-- poc.PATCHRequest -->
