<?xml version="1.0" encoding="UTF-8"?>
<!-- Generated by org.testng.reporters.JUnitReportReporter -->
<testsuite skipped="0" hostname="Swapnil_Naidu" name="stores.POSTRequest" tests="1" failures="0" timestamp="24 Dec 2019 08:00:22 GMT" time="2.185" errors="0">
  <testcase name="tc001" time="2.185" classname="stores.POSTRequest"/>
</testsuite> <!-- stores.POSTRequest -->
