<?xml version="1.0" encoding="UTF-8"?>
<!-- Generated by org.testng.reporters.JUnitReportReporter -->
<testsuite skipped="0" hostname="Swapnil_Naidu" name="stores.DELETERequest" tests="1" failures="0" timestamp="27 Dec 2019 05:26:03 GMT" time="2.280" errors="0">
  <testcase name="tc001" time="2.280" classname="stores.DELETERequest"/>
</testsuite> <!-- stores.DELETERequest -->
