<?xml version="1.0" encoding="UTF-8"?>
<!-- Generated by org.testng.reporters.JUnitReportReporter -->
<testsuite skipped="0" hostname="Swapnil_Naidu" name="stores.GETAllStores" tests="2" failures="0" timestamp="24 Dec 2019 06:39:06 GMT" time="2.836" errors="0">
  <testcase name="allStores" time="2.795" classname="stores.GETAllStores"/>
  <testcase name="storeById" time="0.041" classname="stores.GETAllStores"/>
</testsuite> <!-- stores.GETAllStores -->
