<?xml version="1.0" encoding="UTF-8"?>
<!-- Generated by org.testng.reporters.JUnitReportReporter -->
<testsuite skipped="0" hostname="Swapnil_Naidu" name="products.GETAllProducts" tests="3" failures="0" timestamp="23 Dec 2019 14:44:07 GMT" time="3.179" errors="0">
  <testcase name="productById" time="0.029" classname="products.GETAllProducts"/>
  <testcase name="checkProductName" time="0.859" classname="products.GETAllProducts"/>
  <testcase name="allProducts001" time="2.291" classname="products.GETAllProducts"/>
</testsuite> <!-- products.GETAllProducts -->
