<?xml version="1.0" encoding="UTF-8"?>
<!-- Generated by org.testng.reporters.JUnitReportReporter -->
<testsuite skipped="0" hostname="Swapnil_Naidu" name="products.DELETEProduct" tests="1" failures="0" timestamp="23 Dec 2019 14:44:07 GMT" time="0.029" errors="0">
  <testcase name="deleteProduct" time="0.029" classname="products.DELETEProduct"/>
</testsuite> <!-- products.DELETEProduct -->
