<?xml version="1.0" encoding="UTF-8"?>
<!-- Generated by org.testng.reporters.JUnitReportReporter -->
<testsuite skipped="0" hostname="Swapnil_Naidu" name="demo.ResponseDemo" tests="1" failures="0" timestamp="27 Dec 2019 06:45:45 GMT" time="2.726" errors="0">
  <testcase name="tc001" time="2.726" classname="demo.ResponseDemo"/>
</testsuite> <!-- demo.ResponseDemo -->
