<?xml version="1.0" encoding="UTF-8"?>
<!-- Generated by org.testng.reporters.JUnitReportReporter -->
<testsuite skipped="0" hostname="Swapnil_Naidu" name="demo.JsonPathExpression" tests="1" failures="0" timestamp="30 Dec 2019 11:49:27 GMT" time="1.584" errors="0">
  <testcase name="tc006" time="1.584" classname="demo.JsonPathExpression"/>
</testsuite> <!-- demo.JsonPathExpression -->
