<?xml version="1.0" encoding="UTF-8"?>
<!-- Generated by org.testng.reporters.JUnitReportReporter -->
<testsuite skipped="0" hostname="Swapnil_Naidu" name="products.GETAllProducts" tests="1" failures="0" timestamp="23 Dec 2019 13:18:48 GMT" time="3.167" errors="0">
  <testcase name="allProducts001" time="3.167" classname="products.GETAllProducts"/>
</testsuite> <!-- products.GETAllProducts -->
