<?xml version="1.0" encoding="UTF-8"?>
<!-- Generated by org.testng.reporters.JUnitReportReporter -->
<testsuite skipped="0" hostname="Swapnil_Naidu" name="products.POSTAddProduct" tests="1" failures="0" timestamp="23 Dec 2019 13:18:48 GMT" time="0.295" errors="0">
  <testcase name="addSingleProduct" time="0.295" classname="products.POSTAddProduct"/>
</testsuite> <!-- products.POSTAddProduct -->
